Arguments: 
  C:\Program Files\nodejs\node.exe C:\Program Files (x86)\Yarn\bin\yarn.js init

PATH: 
  C:\Program Files\Ruby24-x64\bin;C:\ProgramData\Oracle\Java\javapath;C:\WINDOWS\system32;C:\WINDOWS;C:\WINDOWS\System32\Wbem;C:\WINDOWS\System32\WindowsPowerShell\v1.0\;C:\Users\Stig\.dnx\bin;C:\Program Files\Microsoft DNX\Dnvm\;C:\Program Files\Microsoft SQL Server\130\Tools\Binn\;C:\Program Files\MATLAB\R2016a\runtime\win64;C:\Program Files\MATLAB\R2016a\bin;C:\Program Files\MATLAB\R2016a\polyspace\bin;C:\Program Files (x86)\ATI Technologies\ATI.ACE\Core-Static;C:\Program Files\Git\cmd;C:\Program Files (x86)\AMD\ATI.ACE\Core-Static;D:\Programs\xampp\php;C:\ProgramData\ComposerSetup\bin;C:\Program Files (x86)\Windows Kits\10\Windows Performance Toolkit\;C:\Program Files (x86)\Brackets\command;C:\Go\bin;D:\Programs\PortableTEX\MiKTeX\miktex\bin\;;C:\WINDOWS\System32\OpenSSH\;C:\Program Files\nodejs\;C:\Program Files (x86)\Yarn\bin\;C:\Program Files\Ruby24-x64\bin;C:\Users\Stig\AppData\Local\Programs\Python\Python36-32\Scripts\;C:\Users\Stig\AppData\Local\Programs\Python\Python36-32\;C:\Users\Stig\AppData\Local\Microsoft\WindowsApps;C:\Users\Stig\AppData\Roaming\Composer\vendor\bin;D:\Programs\Docker Toolbox;D:\Programs\PortableTEX\MiKTeX\miktex\bin\;C:\Users\Stig\AppData\Roaming\npm;C:\Users\Stig\AppData\Local\Yarn\bin;C:\Program Files\Microsoft VS Code\bin

Yarn version: 
  1.7.0

Node version: 
  8.11.2

Platform: 
  win32 x64

Trace: 
  Error: canceled
      at Interface.<anonymous> (C:\Program Files (x86)\Yarn\lib\cli.js:131036:13)
      at emitNone (events.js:106:13)
      at Interface.emit (events.js:208:7)
      at Interface._ttyWrite (readline.js:774:16)
      at ReadStream.onkeypress (readline.js:158:10)
      at emitTwo (events.js:126:13)
      at ReadStream.emit (events.js:214:7)
      at emitKeys (internal/readline.js:420:14)
      at emitKeys.next (<anonymous>)
      at ReadStream.onData (readline.js:1010:36)

npm manifest: 
  No manifest

yarn manifest: 
  No manifest

Lockfile: 
  No lockfile
